{
  "RSpec": {
    "coverage": {
      "/Users/bensheridanedwards/Documents/2019/Makers/Main-Course/Week-2/Oystercard/spec/journey_log_spec.rb": [
        1,
        null,
        1,
        6,
        7,
        7,
        null,
        7,
        null,
        1,
        1,
        1,
        null,
        null,
        null,
        1,
        6,
        null,
        1,
        1,
        null,
        null,
        1,
        1,
        null,
        null,
        1,
        3,
        null,
        1,
        1,
        null,
        null,
        1,
        1,
        null,
        null,
        null,
        null,
        1,
        1,
        1,
        null,
        null,
        null,
        null
      ],
      "/Users/bensheridanedwards/Documents/2019/Makers/Main-Course/Week-2/Oystercard/lib/journey_log.rb": [
        1,
        1,
        6,
        6,
        6,
        null,
        null,
        1,
        3,
        null,
        null,
        1,
        5,
        5,
        5,
        null,
        null,
        1,
        2,
        2,
        null,
        null,
        1,
        1,
        null,
        null,
        1,
        1,
        0,
        null,
        null
      ],
      "/Users/bensheridanedwards/Documents/2019/Makers/Main-Course/Week-2/Oystercard/spec/journey_spec.rb": [
        1,
        null,
        1,
        7,
        5,
        2,
        null,
        1,
        1,
        1,
        null,
        null,
        null,
        1,
        1,
        3,
        null,
        null,
        1,
        1,
        null,
        null,
        1,
        1,
        null,
        null,
        1,
        1,
        null,
        null,
        null,
        1,
        1,
        3,
        3,
        null,
        null,
        1,
        1,
        null,
        null,
        1,
        1,
        null,
        null,
        1,
        1,
        null,
        null,
        null,
        1,
        1,
        1,
        1,
        null,
        null,
        null
      ],
      "/Users/bensheridanedwards/Documents/2019/Makers/Main-Course/Week-2/Oystercard/lib/journey.rb": [
        1,
        1,
        1,
        null,
        1,
        null,
        1,
        6,
        6,
        null,
        null,
        1,
        4,
        4,
        4,
        null,
        null,
        1,
        8,
        null,
        4,
        null,
        1,
        null,
        null,
        1,
        null,
        1,
        8,
        null,
        null,
        1,
        4,
        null,
        null,
        1,
        4,
        null,
        null
      ],
      "/Users/bensheridanedwards/Documents/2019/Makers/Main-Course/Week-2/Oystercard/spec/oystercard_spec.rb": [
        1,
        1,
        2,
        2,
        2,
        3,
        9,
        9,
        2,
        9,
        9,
        1,
        null,
        9,
        null,
        1,
        1,
        1,
        null,
        null,
        null,
        1,
        1,
        1,
        1,
        null,
        null,
        1,
        101,
        1,
        1,
        2,
        null,
        null,
        null,
        1,
        1,
        1,
        1,
        2,
        null,
        null,
        1,
        3,
        null,
        1,
        1,
        1,
        1,
        null,
        null,
        1,
        1,
        1,
        1,
        4,
        null,
        null,
        null,
        null,
        1,
        1,
        2,
        null,
        null,
        1,
        1,
        1,
        null,
        null,
        1,
        1,
        1,
        null,
        4,
        null,
        null,
        null,
        1,
        1,
        1,
        4,
        null,
        null,
        null
      ],
      "/Users/bensheridanedwards/Documents/2019/Makers/Main-Course/Week-2/Oystercard/lib/oystercard.rb": [
        1,
        1,
        1,
        null,
        1,
        1,
        1,
        null,
        1,
        null,
        1,
        8,
        8,
        null,
        null,
        1,
        106,
        106,
        null,
        105,
        null,
        null,
        1,
        5,
        5,
        null,
        4,
        null,
        null,
        1,
        2,
        2,
        null,
        null,
        1,
        0,
        null,
        null,
        1,
        null,
        1,
        1,
        1,
        null,
        null,
        1,
        1,
        1,
        null,
        null,
        1,
        3,
        null,
        null,
        null,
        1,
        null,
        null,
        1,
        null
      ],
      "/Users/bensheridanedwards/Documents/2019/Makers/Main-Course/Week-2/Oystercard/lib/station.rb": [
        1,
        null,
        1,
        1,
        null,
        1,
        2,
        2,
        null,
        null
      ],
      "/Users/bensheridanedwards/Documents/2019/Makers/Main-Course/Week-2/Oystercard/spec/station_spec.rb": [
        1,
        null,
        1,
        null,
        1,
        null,
        1,
        1,
        1,
        null,
        null,
        1,
        1,
        1,
        null,
        null,
        null
      ]
    },
    "timestamp": 1575628277
  }
}
